Copyright 1986-2022 Xilinx, Inc. All Rights Reserved. Copyright 2022-2025 Advanced Micro Devices, Inc. All Rights Reserved.
---------------------------------------------------------------------------------------------------------------------------------------------
| Tool Version : Vivado v.2025.1 (win64) Build 6140274 Thu May 22 00:12:29 MDT 2025
| Date         : Sat Mar 21 01:49:45 2026
| Host         : DESKTOP-2TODKSS running 64-bit major release  (build 9200)
| Command      : report_drc -file AHB_to_APB_Bridge_drc_opted.rpt -pb AHB_to_APB_Bridge_drc_opted.pb -rpx AHB_to_APB_Bridge_drc_opted.rpx
| Design       : AHB_to_APB_Bridge
| Device       : xczu3eg-sbva484-2L-e
| Speed File   : -2L
| Design State : Synthesized
---------------------------------------------------------------------------------------------------------------------------------------------

Report DRC

Table of Contents
-----------------
1. REPORT SUMMARY
2. REPORT DETAILS

1. REPORT SUMMARY
-----------------
            Netlist: netlist
          Floorplan: design_1
      Design limits: <entire design considered>
           Ruledeck: default
             Max checks: <unlimited>
             Checks found: 4
+-------------+------------------+-------------------------------------------------------------+--------+
| Rule        | Severity         | Description                                                 | Checks |
+-------------+------------------+-------------------------------------------------------------+--------+
| NSTD-1      | Critical Warning | Unspecified I/O Standard                                    | 1      |
| UCIO-1      | Critical Warning | Unconstrained Logical Port                                  | 1      |
| IOCNT-1     | Warning          | Number of IOs                                               | 1      |
| PLHOLDVIO-2 | Warning          | Non-Optimal connections which could lead to hold violations | 1      |
+-------------+------------------+-------------------------------------------------------------+--------+

2. REPORT DETAILS
-----------------
NSTD-1#1 Critical Warning
Unspecified I/O Standard  
209 out of 209 logical ports use I/O standard (IOSTANDARD) value 'DEFAULT', instead of a user assigned specific value. This may cause I/O contention or incompatibility with the board power or connectivity affecting performance, signal integrity or in extreme cases cause damage to the device or the components to which it is connected. To correct this violation, specify all I/O standards. This design will fail to generate a bitstream unless all logical ports have a user specified I/O standard value defined. To allow bitstream creation with unspecified I/O standard values (not recommended), use this command: set_property SEVERITY {Warning} [get_drc_checks NSTD-1].  NOTE: When using the Vivado Runs infrastructure (e.g. launch_runs Tcl command), add this command to a .tcl file and add that file as a pre-hook for write_bitstream step for the implementation run. Problem ports: HADDR[31:0], HCLK, HRDATA[31:0], HREADYin, HREADYout, HRESETn, HRESP,
HSELAPB, HTRANS[1], HWDATA[31:0], PADDR[31:0], PRDATA[31:0], PSELx[3:0],
PWDATA[31:0], state_in[2:0] (the first 15 of 18 listed).
Related violations: <none>

UCIO-1#1 Critical Warning
Unconstrained Logical Port  
209 out of 209 logical ports have no user assigned specific location constraint (LOC). This may cause I/O contention or incompatibility with the board power or connectivity affecting performance, signal integrity or in extreme cases cause damage to the device or the components to which it is connected. To correct this violation, specify all pin locations. This design will fail to generate a bitstream unless all logical ports have a user specified site LOC constraint defined.  To allow bitstream creation with unspecified pin locations (not recommended), use this command: set_property SEVERITY {Warning} [get_drc_checks UCIO-1].  NOTE: When using the Vivado Runs infrastructure (e.g. launch_runs Tcl command), add this command to a .tcl file and add that file as a pre-hook for write_bitstream step for the implementation run.  Problem ports: HADDR[31:0], HCLK, HRDATA[31:0], HREADYin, HREADYout, HRESETn, HRESP,
HSELAPB, HTRANS[1], HWDATA[31:0], PADDR[31:0], PRDATA[31:0], PSELx[3:0],
PWDATA[31:0], state_in[2:0] (the first 15 of 18 listed).
Related violations: <none>

IOCNT-1#1 Warning
Number of IOs  
The design contains 209 unplaced I/O ports while the target device, xczu3eg-sbva484-2L-e, has 82 remaining available user I/O pins. This DRC assumes that all ports which do not drive MGT pins should be placed on user I/O pins. To correct this issue:
1. Ensure you are targeting the correct device and package. Select a larger device or different package if necessary.
2. Check the top-level ports of the design to ensure the correct number of ports are specified.
3. Consider design changes to reduce the number of user I/O pins needed.

Related violations: <none>

PLHOLDVIO-2#1 Warning
Non-Optimal connections which could lead to hold violations  
A LUT AD/PSEL[3]_i_2 is driving clock pin of 4 cells. This could lead to large hold time violations. Involved cells are:
AD/PSEL_reg[0], AD/PSEL_reg[1], AD/PSEL_reg[2], AD/PSEL_reg[3]
Related violations: <none>


